
Copyright (C) 1994-2023 Synopsys, Inc.
This Synopsys software and all associated documentation are proprietary to Synopsys, Inc.
and may only be used pursuant to the terms and conditions of a written license agreement
with Synopsys, Inc. All other use, reproduction, modification, or distribution of the
Synopsys software or the associated documentation is strictly prohibited.
Tool: Synplify Pro (R)
Build: V-2023.09L-2
Install: C:\lscc\diamond\3.14\synpbase
OS: Windows 10 or later
Hostname: PASTASCIUTTA

Implementation : impl1

# Written on Wed Apr  1 12:55:37 2026

##### FILES SYNTAX CHECKED ##############################################
Constraint File(s):      (none)

#Run constraint checker to find more issues with constraints.
#########################################################################



No issues found in constraint syntax.



Clock Summary
*************

          Start                                     Requested     Requested     Clock        Clock          Clock
Level     Clock                                     Frequency     Period        Type         Group          Load 
-----------------------------------------------------------------------------------------------------------------
0 -       RAW10toParallel|CSI2_sens_clk             349.0 MHz     2.865         inferred     (multiple)     1365 
                                                                                                                 
0 -       RAW10toParallel|clk_i                     391.7 MHz     2.553         inferred     (multiple)     308  
                                                                                                                 
0 -       reveal_coretop|jtck_inferred_clock[0]     368.6 MHz     2.713         inferred     (multiple)     225  
=================================================================================================================


Clock Load Summary
******************

                                          Clock     Source                                                                         Clock Pin                                         Non-clock Pin     Non-clock Pin       
Clock                                     Load      Pin                                                                            Seq Example                                       Seq Example       Comb Example        
---------------------------------------------------------------------------------------------------------------------------------------------------------------------------------------------------------------------------
RAW10toParallel|CSI2_sens_clk             1365      CSI2_sens_clk(port)                                                            fv_i.C                                            -                 pixclk_out.I[0](inv)
                                                                                                                                                                                                                           
RAW10toParallel|clk_i                     308       clk_i(port)                                                                    hdmi_i2c_top_inst.hdmi_i2c_core_inst.scl_s2.C     -                 -                   
                                                                                                                                                                                                                           
reveal_coretop|jtck_inferred_clock[0]     225       RAW10toParallel_reveal_coretop_instance.jtagconn16_inst_0.jtck(jtagconn16)     -                                                 -                 -                   
===========================================================================================================================================================================================================================
