

@S |Clock Optimization Summary



#### START OF PREMAP CLOCK OPTIMIZATION REPORT #####[

3 non-gated/non-generated clock tree(s) driving 1832 clock pin(s) of sequential element(s)
3 gated/generated clock tree(s) driving 88 clock pin(s) of sequential element(s)
0 instances converted, 88 sequential instances remain driven by gated/generated clocks

===================================================== Non-Gated/Non-Generated Clocks ======================================================
Clock Tree ID     Driving Element                                                    Drive Element Type     Fanout     Sample Instance     
-------------------------------------------------------------------------------------------------------------------------------------------
@KP:ckid0_0       CSI2_sens_clk                                                      port                   1299       pix_red[11:0]       
@KP:ckid0_1       RAW10toParallel_reveal_coretop_instance.jtagconn16_inst_0.jtck     jtagconn16             225        ENCRYPTED           
@KP:ckid0_2       clk_i                                                              port                   308        i2c_inst.count[28:0]
===========================================================================================================================================
==================================================================================================== Gated/Generated Clocks ====================================================================================================
Clock Tree ID     Driving Element                                                  Drive Element Type     Unconverted Fanout     Sample Instance                                      Explanation                               
--------------------------------------------------------------------------------------------------------------------------------------------------------------------------------------------------------------------------------
@KP:ckid0_3       hdmi_i2c_top_inst.hdmi_i2c_ctrl_inst.un1_step_cnt_6_uclk.OUT     or                     24                     hdmi_i2c_top_inst.hdmi_i2c_ctrl_inst.addr_dev[6]     Derived clock on input (not legal for GCC)
@KP:ckid0_4       i2c_inst.i2c_ctrl_inst2.un1_step_cnt_4_uclk.OUT                  or                     32                     i2c_inst.i2c_ctrl_inst2.addr_dev[6]                  Derived clock on input (not legal for GCC)
@KP:ckid0_5       i2c_inst.i2c_ctrl_inst.un1_step_cnt_4_uclk.OUT                   or                     32                     i2c_inst.i2c_ctrl_inst.addr_dev[6]                   Derived clock on input (not legal for GCC)
================================================================================================================================================================================================================================


##### END OF CLOCK OPTIMIZATION REPORT ######


Summary of user generated gated clocks:
0 user generated gated/generated clock tree(s) driving 0 clock pin(s) of sequential element(s)

