
Copyright (C) 1994-2023 Synopsys, Inc.
This Synopsys software and all associated documentation are proprietary to Synopsys, Inc.
and may only be used pursuant to the terms and conditions of a written license agreement
with Synopsys, Inc. All other use, reproduction, modification, or distribution of the
Synopsys software or the associated documentation is strictly prohibited.
Tool: Synplify Pro (R)
Build: V-2023.09L-2
Install: D:\synpbase
OS: Windows 10 or later
Hostname: MATEBOOK-ILENIA

Implementation : impl1

# Written on Tue Mar 31 19:34:39 2026

##### FILES SYNTAX CHECKED ##############################################
Constraint File(s):      (none)

#Run constraint checker to find more issues with constraints.
#########################################################################



No issues found in constraint syntax.



Clock Summary
*************

          Start                             Requested     Requested     Clock        Clock          Clock
Level     Clock                             Frequency     Period        Type         Group          Load 
---------------------------------------------------------------------------------------------------------
0 -       RAW10toParallel|CSI2_sens_clk     306.5 MHz     3.262         inferred     (multiple)     1333 
                                                                                                         
0 -       RAW10toParallel|clk_i             408.0 MHz     2.451         inferred     (multiple)     308  
=========================================================================================================


Clock Load Summary
******************

                                  Clock     Source                  Clock Pin                                         Non-clock Pin     Non-clock Pin       
Clock                             Load      Pin                     Seq Example                                       Seq Example       Comb Example        
------------------------------------------------------------------------------------------------------------------------------------------------------------
RAW10toParallel|CSI2_sens_clk     1333      CSI2_sens_clk(port)     fv_i.C                                            -                 pixclk_out.I[0](inv)
                                                                                                                                                            
RAW10toParallel|clk_i             308       clk_i(port)             hdmi_i2c_top_inst.hdmi_i2c_core_inst.scl_s2.C     -                 -                   
============================================================================================================================================================
